This is pdfTeX, Version 3.14159265-2.6-1.40.19 (TeX Live 2018) (preloaded format=pdflatex 2018.4.16)  20 FEB 2019 19:13
entering extended mode
 restricted \write18 enabled.
 file:line:error style messages enabled.
 %&-line parsing enabled.
**Pressure_vessel.tex
(./Pressure_vessel.tex
LaTeX2e <2018-04-01> patch level 2
Babel <3.18> and hyphenation patterns for 84 language(s) loaded.
(/usr/local/texlive/2018/texmf-dist/tex/latex/base/article.cls
Document Class: article 2014/09/29 v1.4h Standard LaTeX document class
(/usr/local/texlive/2018/texmf-dist/tex/latex/base/size12.clo
File: size12.clo 2014/09/29 v1.4h Standard LaTeX file (size option)
)
\c@part=\count80
\c@section=\count81
\c@subsection=\count82
\c@subsubsection=\count83
\c@paragraph=\count84
\c@subparagraph=\count85
\c@figure=\count86
\c@table=\count87
\abovecaptionskip=\skip41
\belowcaptionskip=\skip42
\bibindent=\dimen102
)
(/usr/local/texlive/2018/texmf-dist/tex/latex/base/inputenc.sty
Package: inputenc 2018/04/06 v1.3b Input encoding file
\inpenc@prehook=\toks14
\inpenc@posthook=\toks15
)
(/usr/local/texlive/2018/texmf-dist/tex/latex/amsmath/amsmath.sty
Package: amsmath 2017/09/02 v2.17a AMS math features
\@mathmargin=\skip43

For additional information on amsmath, use the `?' option.
(/usr/local/texlive/2018/texmf-dist/tex/latex/amsmath/amstext.sty
Package: amstext 2000/06/29 v2.01 AMS text

(/usr/local/texlive/2018/texmf-dist/tex/latex/amsmath/amsgen.sty
File: amsgen.sty 1999/11/30 v2.0 generic functions
\@emptytoks=\toks16
\ex@=\dimen103
))
(/usr/local/texlive/2018/texmf-dist/tex/latex/amsmath/amsbsy.sty
Package: amsbsy 1999/11/29 v1.2d Bold Symbols
\pmbraise@=\dimen104
)
(/usr/local/texlive/2018/texmf-dist/tex/latex/amsmath/amsopn.sty
Package: amsopn 2016/03/08 v2.02 operator names
)
\inf@bad=\count88
LaTeX Info: Redefining \frac on input line 213.
\uproot@=\count89
\leftroot@=\count90
LaTeX Info: Redefining \overline on input line 375.
\classnum@=\count91
\DOTSCASE@=\count92
LaTeX Info: Redefining \ldots on input line 472.
LaTeX Info: Redefining \dots on input line 475.
LaTeX Info: Redefining \cdots on input line 596.
\Mathstrutbox@=\box26
\strutbox@=\box27
\big@size=\dimen105
LaTeX Font Info:    Redeclaring font encoding OML on input line 712.
LaTeX Font Info:    Redeclaring font encoding OMS on input line 713.
\macc@depth=\count93
\c@MaxMatrixCols=\count94
\dotsspace@=\muskip10
\c@parentequation=\count95
\dspbrk@lvl=\count96
\tag@help=\toks17
\row@=\count97
\column@=\count98
\maxfields@=\count99
\andhelp@=\toks18
\eqnshift@=\dimen106
\alignsep@=\dimen107
\tagshift@=\dimen108
\tagwidth@=\dimen109
\totwidth@=\dimen110
\lineht@=\dimen111
\@envbody=\toks19
\multlinegap=\skip44
\multlinetaggap=\skip45
\mathdisplay@stack=\toks20
LaTeX Info: Redefining \[ on input line 2817.
LaTeX Info: Redefining \] on input line 2818.
)
(/usr/local/texlive/2018/texmf-dist/tex/latex/graphics/graphicx.sty
Package: graphicx 2017/06/01 v1.1a Enhanced LaTeX Graphics (DPC,SPQR)

(/usr/local/texlive/2018/texmf-dist/tex/latex/graphics/keyval.sty
Package: keyval 2014/10/28 v1.15 key=value parser (DPC)
\KV@toks@=\toks21
)
(/usr/local/texlive/2018/texmf-dist/tex/latex/graphics/graphics.sty
Package: graphics 2017/06/25 v1.2c Standard LaTeX Graphics (DPC,SPQR)

(/usr/local/texlive/2018/texmf-dist/tex/latex/graphics/trig.sty
Package: trig 2016/01/03 v1.10 sin cos tan (DPC)
)
(/usr/local/texlive/2018/texmf-dist/tex/latex/graphics-cfg/graphics.cfg
File: graphics.cfg 2016/06/04 v1.11 sample graphics configuration
)
Package graphics Info: Driver file: pdftex.def on input line 99.

(/usr/local/texlive/2018/texmf-dist/tex/latex/graphics-def/pdftex.def
File: pdftex.def 2018/01/08 v1.0l Graphics/color driver for pdftex
))
\Gin@req@height=\dimen112
\Gin@req@width=\dimen113
)
(/usr/local/texlive/2018/texmf-dist/tex/latex/float/float.sty
Package: float 2001/11/08 v1.3d Float enhancements (AL)
\c@float@type=\count100
\float@exts=\toks22
\float@box=\box28
\@float@everytoks=\toks23
\@floatcapt=\box29
)
(./Pressure_vessel.aux)
\openout1 = `Pressure_vessel.aux'.

LaTeX Font Info:    Checking defaults for OML/cmm/m/it on input line 30.
LaTeX Font Info:    ... okay on input line 30.
LaTeX Font Info:    Checking defaults for T1/cmr/m/n on input line 30.
LaTeX Font Info:    ... okay on input line 30.
LaTeX Font Info:    Checking defaults for OT1/cmr/m/n on input line 30.
LaTeX Font Info:    ... okay on input line 30.
LaTeX Font Info:    Checking defaults for OMS/cmsy/m/n on input line 30.
LaTeX Font Info:    ... okay on input line 30.
LaTeX Font Info:    Checking defaults for OMX/cmex/m/n on input line 30.
LaTeX Font Info:    ... okay on input line 30.
LaTeX Font Info:    Checking defaults for U/cmr/m/n on input line 30.
LaTeX Font Info:    ... okay on input line 30.

(/usr/local/texlive/2018/texmf-dist/tex/context/base/mkii/supp-pdf.mkii
[Loading MPS to PDF converter (version 2006.09.02).]
\scratchcounter=\count101
\scratchdimen=\dimen114
\scratchbox=\box30
\nofMPsegments=\count102
\nofMParguments=\count103
\everyMPshowfont=\toks24
\MPscratchCnt=\count104
\MPscratchDim=\dimen115
\MPnumerator=\count105
\makeMPintoPDFobject=\count106
\everyMPtoPDFconversion=\toks25
) (/usr/local/texlive/2018/texmf-dist/tex/latex/oberdiek/epstopdf-base.sty
Package: epstopdf-base 2016/05/15 v2.6 Base part for package epstopdf

(/usr/local/texlive/2018/texmf-dist/tex/generic/oberdiek/infwarerr.sty
Package: infwarerr 2016/05/16 v1.4 Providing info/warning/error messages (HO)
)
(/usr/local/texlive/2018/texmf-dist/tex/latex/oberdiek/grfext.sty
Package: grfext 2016/05/16 v1.2 Manage graphics extensions (HO)

(/usr/local/texlive/2018/texmf-dist/tex/generic/oberdiek/kvdefinekeys.sty
Package: kvdefinekeys 2016/05/16 v1.4 Define keys (HO)

(/usr/local/texlive/2018/texmf-dist/tex/generic/oberdiek/ltxcmds.sty
Package: ltxcmds 2016/05/16 v1.23 LaTeX kernel commands for general use (HO)
)))
(/usr/local/texlive/2018/texmf-dist/tex/latex/oberdiek/kvoptions.sty
Package: kvoptions 2016/05/16 v3.12 Key value format for package options (HO)

(/usr/local/texlive/2018/texmf-dist/tex/generic/oberdiek/kvsetkeys.sty
Package: kvsetkeys 2016/05/16 v1.17 Key value parser (HO)

(/usr/local/texlive/2018/texmf-dist/tex/generic/oberdiek/etexcmds.sty
Package: etexcmds 2016/05/16 v1.6 Avoid name clashes with e-TeX commands (HO)

(/usr/local/texlive/2018/texmf-dist/tex/generic/oberdiek/ifluatex.sty
Package: ifluatex 2016/05/16 v1.4 Provides the ifluatex switch (HO)
Package ifluatex Info: LuaTeX not detected.
)
Package etexcmds Info: Could not find \expanded.
(etexcmds)             That can mean that you are not using pdfTeX 1.50 or
(etexcmds)             that some package has redefined \expanded.
(etexcmds)             In the latter case, load this package earlier.
)))
(/usr/local/texlive/2018/texmf-dist/tex/generic/oberdiek/pdftexcmds.sty
Package: pdftexcmds 2018/01/30 v0.27 Utility functions of pdfTeX for LuaTeX (HO
)

(/usr/local/texlive/2018/texmf-dist/tex/generic/oberdiek/ifpdf.sty
Package: ifpdf 2017/03/15 v3.2 Provides the ifpdf switch
)
Package pdftexcmds Info: LuaTeX not detected.
Package pdftexcmds Info: \pdf@primitive is available.
Package pdftexcmds Info: \pdf@ifprimitive is available.
Package pdftexcmds Info: \pdfdraftmode found.
)
Package epstopdf-base Info: Redefining graphics rule for `.eps' on input line 4
38.
Package grfext Info: Graphics extension search list:
(grfext)             [.pdf,.png,.jpg,.mps,.jpeg,.jbig2,.jb2,.PDF,.PNG,.JPG,.JPE
G,.JBIG2,.JB2,.eps]
(grfext)             \AppendGraphicsExtensions on input line 456.

(/usr/local/texlive/2018/texmf-dist/tex/latex/latexconfig/epstopdf-sys.cfg
File: epstopdf-sys.cfg 2010/07/13 v1.3 Configuration of (r)epstopdf for TeX Liv
e
))
[1

{/usr/local/texlive/2018/texmf-var/fonts/map/pdftex/updmap/pdftex.map}]
Underfull \hbox (badness 10000) in paragraph at lines 35--42

 []


Underfull \hbox (badness 10000) in paragraph at lines 35--42

 []


Underfull \hbox (badness 10000) in paragraph at lines 43--58

 []


Underfull \hbox (badness 10000) in paragraph at lines 43--58

 []


Underfull \hbox (badness 10000) in paragraph at lines 43--58

 []


Underfull \hbox (badness 10000) in paragraph at lines 43--58

 []


Underfull \hbox (badness 10000) in paragraph at lines 43--58

 []


Underfull \hbox (badness 10000) in paragraph at lines 43--58

 []


Underfull \hbox (badness 10000) in paragraph at lines 43--58

 []


Underfull \hbox (badness 10000) in paragraph at lines 43--58

 []


Underfull \hbox (badness 10000) in paragraph at lines 43--58

 []

[2] [3] (./Pressure_vessel.toc)
\tf@toc=\write3
\openout3 = `Pressure_vessel.toc'.

 [4] (./Pressure_vessel.lof)
\tf@lof=\write4
\openout4 = `Pressure_vessel.lof'.

 [5]
(./Pressure_vessel.lot)
\tf@lot=\write5
\openout5 = `Pressure_vessel.lot'.

 [6]
<./Figures/symbols.png, id=28, 671.50874pt x 645.41125pt>
File: ./Figures/symbols.png Graphic file (type png)
<use ./Figures/symbols.png>
Package pdftex.def Info: ./Figures/symbols.png  used on input line 97.
(pdftex.def)             Requested size: 350.99762pt x 337.35892pt.
 [7 <./Figures/symbols.png>] [8]
<./Figures/setup.png, id=38, 503.8825pt x 374.39874pt>
File: ./Figures/setup.png Graphic file (type png)
<use ./Figures/setup.png>
Package pdftex.def Info: ./Figures/setup.png  used on input line 145.
(pdftex.def)             Requested size: 350.99762pt x 260.80336pt.
 [9 <./Figures/setup.png>]
<./Figures/vessel.png, id=43, 434.62375pt x 345.29pt>
File: ./Figures/vessel.png Graphic file (type png)
<use ./Figures/vessel.png>
Package pdftex.def Info: ./Figures/vessel.png  used on input line 159.
(pdftex.def)             Requested size: 155.99762pt x 123.93549pt.
<./Figures/rosettes.png, id=44, 799.98875pt x 256.96pt>
File: ./Figures/rosettes.png Graphic file (type png)
<use ./Figures/rosettes.png>
Package pdftex.def Info: ./Figures/rosettes.png  used on input line 166.
(pdftex.def)             Requested size: 350.99762pt x 112.74123pt.

Underfull \hbox (badness 10000) in paragraph at lines 177--179

 []

[10 <./Figures/vessel.png> <./Figures/rosettes.png>]
<./Figures/gage_angles.png, id=50, 729.72626pt x 108.405pt>
File: ./Figures/gage_angles.png Graphic file (type png)
<use ./Figures/gage_angles.png>
Package pdftex.def Info: ./Figures/gage_angles.png  used on input line 189.
(pdftex.def)             Requested size: 390.0pt x 57.93571pt.
 [11 <./Figures/gage_angles.png>]
Underfull \hbox (badness 10000) in paragraph at lines 263--266

 []

[12] [13]
<./Figures/table_raw_strain.png, id=66, 718.685pt x 222.8325pt>
File: ./Figures/table_raw_strain.png Graphic file (type png)
<use ./Figures/table_raw_strain.png>
Package pdftex.def Info: ./Figures/table_raw_strain.png  used on input line 290
.
(pdftex.def)             Requested size: 390.0pt x 120.92618pt.
<./Figures/table_final_stress.png, id=67, 722.7pt x 190.7125pt>
File: ./Figures/table_final_stress.png Graphic file (type png)
<use ./Figures/table_final_stress.png>
Package pdftex.def Info: ./Figures/table_final_stress.png  used on input line 3
01.
(pdftex.def)             Requested size: 390.0pt x 102.91628pt.
<./Figures/plot_rosette_validation.png, id=68, 532.99126pt x 425.59pt>
File: ./Figures/plot_rosette_validation.png Graphic file (type png)
<use ./Figures/plot_rosette_validation.png>
Package pdftex.def Info: ./Figures/plot_rosette_validation.png  used on input l
ine 311.
(pdftex.def)             Requested size: 312.00119pt x 249.13474pt.
 [14 <./Figures/table_raw_strain.png> <./Figures/table_final_stress.png>]
<./Figures/table_rosette_ratios.png, id=74, 766.865pt x 245.91875pt>
File: ./Figures/table_rosette_ratios.png Graphic file (type png)
<use ./Figures/table_rosette_ratios.png>
Package pdftex.def Info: ./Figures/table_rosette_ratios.png  used on input line
 319.
(pdftex.def)             Requested size: 390.0pt x 125.06792pt.
<./Figures/plot_axialvspressure.png, id=75, 542.025pt x 429.605pt>
File: ./Figures/plot_axialvspressure.png Graphic file (type png)
<use ./Figures/plot_axialvspressure.png>
Package pdftex.def Info: ./Figures/plot_axialvspressure.png  used on input line
 326.
(pdftex.def)             Requested size: 390.0pt x 309.1187pt.
 [15 <./Figures/plot_rosette_validation.png> <./Figures/table_rosette_ratios.pn
g>]
<./Figures/plot_hoop_measured.png, id=81, 537.00626pt x 426.59375pt>
File: ./Figures/plot_hoop_measured.png Graphic file (type png)
<use ./Figures/plot_hoop_measured.png>
Package pdftex.def Info: ./Figures/plot_hoop_measured.png  used on input line 3
37.
(pdftex.def)             Requested size: 390.0pt x 309.80956pt.
 [16 <./Figures/plot_axialvspressure.png>]
<./Figures/plot_hoop_vs_axial.png, id=86, 529.98pt x 427.5975pt>
File: ./Figures/plot_hoop_vs_axial.png Graphic file (type png)
<use ./Figures/plot_hoop_vs_axial.png>
Package pdftex.def Info: ./Figures/plot_hoop_vs_axial.png  used on input line 3
47.
(pdftex.def)             Requested size: 390.0pt x 314.66208pt.
 [17 <./Figures/plot_hoop_measured.png>]
<./Figures/table_hoop_axial.png, id=91, 749.80125pt x 147.55125pt>
File: ./Figures/table_hoop_axial.png Graphic file (type png)
<use ./Figures/table_hoop_axial.png>
Package pdftex.def Info: ./Figures/table_hoop_axial.png  used on input line 357
.
(pdftex.def)             Requested size: 390.0pt x 76.74734pt.
<./Figures/plot_axialvstheor.png, id=92, 546.04pt x 428.60126pt>
File: ./Figures/plot_axialvstheor.png Graphic file (type png)
<use ./Figures/plot_axialvstheor.png>
Package pdftex.def Info: ./Figures/plot_axialvstheor.png  used on input line 36
4.
(pdftex.def)             Requested size: 390.0pt x 306.12057pt.
 [18 <./Figures/plot_hoop_vs_axial.png> <./Figures/table_hoop_axial.png>]
<./Figures/table_axial_theory.png, id=98, 765.86125pt x 162.6075pt>
File: ./Figures/table_axial_theory.png Graphic file (type png)
<use ./Figures/table_axial_theory.png>
Package pdftex.def Info: ./Figures/table_axial_theory.png  used on input line 3
71.
(pdftex.def)             Requested size: 390.0pt x 82.80466pt.
<./Figures/plot_hoop_vs_theoretical_ratio.png, id=99, 526.96875pt x 427.5975pt>

File: ./Figures/plot_hoop_vs_theoretical_ratio.png Graphic file (type png)
<use ./Figures/plot_hoop_vs_theoretical_ratio.png>
Package pdftex.def Info: ./Figures/plot_hoop_vs_theoretical_ratio.png  used on 
input line 379.
(pdftex.def)             Requested size: 390.0pt x 316.46939pt.
 [19 <./Figures/plot_axialvstheor.png> <./Figures/table_axial_theory.png>]
<./Figures/table_hoop_theoretical.png, id=106, 765.86125pt x 137.51375pt>
File: ./Figures/table_hoop_theoretical.png Graphic file (type png)
<use ./Figures/table_hoop_theoretical.png>
Package pdftex.def Info: ./Figures/table_hoop_theoretical.png  used on input li
ne 386.
(pdftex.def)             Requested size: 390.0pt x 70.02617pt.

[20 <./Figures/plot_hoop_vs_theoretical_ratio.png> <./Figures/table_hoop_theore
tical.png>]
<./Figures/table_average_diff.png, id=112, 381.425pt x 485.815pt>
File: ./Figures/table_average_diff.png Graphic file (type png)
<use ./Figures/table_average_diff.png>
Package pdftex.def Info: ./Figures/table_average_diff.png  used on input line 3
94.
(pdftex.def)             Requested size: 253.49762pt x 322.8776pt.
 [21 <./Figures/table_average_diff.png>] [22] [23]
Underfull \hbox (badness 10000) in paragraph at lines 418--419

 []

[24]
Underfull \hbox (badness 10000) in paragraph at lines 426--428

 []

[25]
<./Figures/appendix_rawdata.png, id=130, 804.00375pt x 689.57625pt>
File: ./Figures/appendix_rawdata.png Graphic file (type png)
<use ./Figures/appendix_rawdata.png>
Package pdftex.def Info: ./Figures/appendix_rawdata.png  used on input line 442
.
(pdftex.def)             Requested size: 390.0pt x 334.48616pt.
 [26 <./Figures/appendix_rawdata.png>]
<./Figures/appendix_procedure.png, id=135, 624.3325pt x 736.7525pt>
File: ./Figures/appendix_procedure.png Graphic file (type png)
<use ./Figures/appendix_procedure.png>
Package pdftex.def Info: ./Figures/appendix_procedure.png  used on input line 4
50.
(pdftex.def)             Requested size: 390.0pt x 460.2331pt.
 [27 <./Figures/appendix_procedure.png>]
<./Figures/appendix_equip.png, id=140, 901.3675pt x 848.16875pt>
File: ./Figures/appendix_equip.png Graphic file (type png)
<use ./Figures/appendix_equip.png>
Package pdftex.def Info: ./Figures/appendix_equip.png  used on input line 458.
(pdftex.def)             Requested size: 390.0pt x 366.98325pt.
 [28 <./Figures/appendix_equip.png>] [29] (./Pressure_vessel.aux) ) 
Here is how much of TeX's memory you used:
 2249 strings out of 492649
 32616 string characters out of 6129622
 101090 words of memory out of 5000000
 6086 multiletter control sequences out of 15000+600000
 10280 words of font info for 37 fonts, out of 8000000 for 9000
 1141 hyphenation exceptions out of 8191
 41i,14n,25p,1147b,236s stack positions out of 5000i,500n,10000p,200000b,80000s
</usr/local/
texlive/2018/texmf-dist/fonts/type1/public/amsfonts/cm/cmbx12.pfb></usr/local/t
exlive/2018/texmf-dist/fonts/type1/public/amsfonts/cm/cmex10.pfb></usr/local/te
xlive/2018/texmf-dist/fonts/type1/public/amsfonts/cm/cmmi12.pfb></usr/local/tex
live/2018/texmf-dist/fonts/type1/public/amsfonts/cm/cmmi6.pfb></usr/local/texli
ve/2018/texmf-dist/fonts/type1/public/amsfonts/cm/cmmi8.pfb></usr/local/texlive
/2018/texmf-dist/fonts/type1/public/amsfonts/cm/cmr12.pfb></usr/local/texlive/2
018/texmf-dist/fonts/type1/public/amsfonts/cm/cmr17.pfb></usr/local/texlive/201
8/texmf-dist/fonts/type1/public/amsfonts/cm/cmr8.pfb></usr/local/texlive/2018/t
exmf-dist/fonts/type1/public/amsfonts/cm/cmsy10.pfb></usr/local/texlive/2018/te
xmf-dist/fonts/type1/public/amsfonts/cm/cmsy8.pfb></usr/local/texlive/2018/texm
f-dist/fonts/type1/public/amsfonts/cm/cmti12.pfb>
Output written on Pressure_vessel.pdf (29 pages, 1272863 bytes).
PDF statistics:
 184 PDF objects out of 1000 (max. 8388607)
 99 compressed objects within 1 object stream
 0 named destinations out of 1000 (max. 500000)
 106 words of extra memory for PDF output out of 10000 (max. 10000000)

